<?xml version="1.0" encoding="UTF-8"?>
<testng-results ignored="0" total="1" passed="1" failed="0" skipped="0">
  <reporter-output>
    <line>
      <![CDATA[Browser Maximized]]>
    </line>
    <line>
      <![CDATA[Entered Name is matching ]]>
    </line>
    <line>
      <![CDATA[Entered Adult count is matching ]]>
    </line>
    <line>
      <![CDATA[Entered Child count is matching ]]>
    </line>
    <line>
      <![CDATA[Ticket has been generated]]>
    </line>
    <line>
      <![CDATA[725614605]]>
    </line>
    <line>
      <![CDATA[725614605]]>
    </line>
    <line>
      <![CDATA[booked ticked is displayed in search]]>
    </line>
    <line>
      <![CDATA[Admin Logged Out]]>
    </line>
  </reporter-output>
  <suite started-at="2023-01-30T09:15:54 IST" name="Default suite" finished-at="2023-01-30T09:16:38 IST" duration-ms="44153">
    <groups>
    </groups>
    <test started-at="2023-01-30T09:15:54 IST" name="Default test" finished-at="2023-01-30T09:16:38 IST" duration-ms="44153">
      <class name="Zoo1.Zoo_normalTick_08">
        <test-method is-config="true" signature="launchBrowser()[pri:0, instance:Zoo1.Zoo_normalTick_08@5e316c74]" started-at="2023-01-30T09:15:54 IST" name="launchBrowser" finished-at="2023-01-30T09:16:32 IST" duration-ms="38345" status="PASS">
          <reporter-output>
            <line>
              <![CDATA[Browser Maximized]]>
            </line>
          </reporter-output>
        </test-method> <!-- launchBrowser -->
        <test-method signature="working()[pri:0, instance:Zoo1.Zoo_normalTick_08@5e316c74]" started-at="2023-01-30T09:16:32 IST" name="working" finished-at="2023-01-30T09:16:38 IST" duration-ms="5702" status="PASS">
          <reporter-output>
            <line>
              <![CDATA[Entered Name is matching ]]>
            </line>
            <line>
              <![CDATA[Entered Adult count is matching ]]>
            </line>
            <line>
              <![CDATA[Entered Child count is matching ]]>
            </line>
            <line>
              <![CDATA[Ticket has been generated]]>
            </line>
            <line>
              <![CDATA[725614605]]>
            </line>
            <line>
              <![CDATA[725614605]]>
            </line>
            <line>
              <![CDATA[booked ticked is displayed in search]]>
            </line>
            <line>
              <![CDATA[Admin Logged Out]]>
            </line>
          </reporter-output>
        </test-method> <!-- working -->
      </class> <!-- Zoo1.Zoo_normalTick_08 -->
    </test> <!-- Default test -->
  </suite> <!-- Default suite -->
</testng-results>
